Domain "ABSYRTUS.com" is FREE!!!
Domain "ANATLOE.com" is FREE!!!
Domain "BALTSAROS.com" is FREE!!!
Domain "ACONTEUS.com" is FREE!!!
Domain "ANDRAEMON.com" is FREE!!!
Domain "ANDROGEUS.com" is FREE!!!
Domain "CTESIPPUS.com" is FREE!!!
Domain "ANTILOCHUS.com" is FREE!!!
Domain "CEBRIONES.com" is FREE!!!
Domain "ANTIPHATES.com" is FREE!!!
Domain "DAMASKENOS.com" is FREE!!!
Domain "ARCHEMORUS.com" is FREE!!!
Domain "ASCALAPHUS.com" is FREE!!!
Domain "ALPHENOR.com" is FREE!!!
Domain "DOLIUS.com" is FREE!!!
Domain "LAESTRYGONES.com" is FREE!!!
Domain "FEODRAS.com" is FREE!!!
Domain "GALINTHIAS.com" is FREE!!!
Domain "ICELOS.com" is FREE!!!
Domain "IORGAS.com" is FREE!!!
Domain "EPOPEUS.com" is FREE!!!
Domain "IPHITUS.com" is FREE!!!
Domain "HALIRRHOTHIUS.com" is FREE!!!
Domain "HALITHERSIS.com" is FREE!!!
Domain "ERYMANTHUS.com" is FREE!!!
Domain "HASIONE.com" is FREE!!!
Domain "ERYSICHTHON.com" is FREE!!!
Domain "MELANIPPUS.com" is FREE!!!
Domain "EUBULEUS.com" is FREE!!!
Domain "MELECERTES.com" is FREE!!!
Domain "EUPEITHES.com" is FREE!!!
Domain "MENOECEUS.com" is FREE!!!
Domain "EURYLOCHUS.com" is FREE!!!
Domain "EURYMACHUS.com" is FREE!!!
Domain "KORUDON.com" is FREE!!!
Domain "EURYPYLUS.com" is FREE!!!
Domain "HYANCINTHE.com" is FREE!!!
Domain "TEUTHRAS.com" is FREE!!!
Domain "PROTESILAUS.com" is FREE!!!
Domain "NEOTOLEMUS.com" is FREE!!!
Domain "THEOCLYMENUS.com" is FREE!!!
Domain "PHEMIUS.com" is FREE!!!
Domain "OBIAREUS.com" is FREE!!!
Domain "RHOECUS.com" is FREE!!!
Domain "OIGHRIG.com" is FREE!!!
Domain "PHORBAS.com" is FREE!!!
Domain "TROPHONIUS.com" is FREE!!!
Domain "TYNDAREUS.com" is FREE!!!
Domain "PITYOCAMPTES.com" is FREE!!!
Domain "STAMITOS.com" is FREE!!!
Domain "POLYMESTOR.com" is FREE!!!
Domain "TAXIARCHAI.com" is FREE!!!
Domain "PEISISTRATUS.com" is FREE!!!
