Domain "AGALAIA.com" is FREE!!!
Domain "AGLAUROS.com" is FREE!!!
Domain "ATROPES.com" is FREE!!!
Domain "ELEPHETERIA.com" is FREE!!!
Domain "DELBINE.com" is FREE!!!
Domain "ERIANTHE.com" is FREE!!!
Domain "ERIPHYLE.com" is FREE!!!
Domain "EURAYLE.com" is FREE!!!
Domain "EUSTELLA.com" is FREE!!!
Domain "GIANCINTA.com" is FREE!!!
Domain "IOLANTHA.com" is FREE!!!
Domain "IPHEGENIA.com" is FREE!!!
Domain "HYPSIPYLE.com" is FREE!!!
Domain "INATHA.com" is FREE!!!
Domain "OIGHRIG.com" is FREE!!!
Domain "OLEISIA.com" is FREE!!!
Domain "PANPHILA.com" is FREE!!!
Domain "SEBASTENE.com" is FREE!!!
Domain "TIENETTE.com" is FREE!!!
Domain "SYMAETHIS.com" is FREE!!!
